<?xml version="1.0" encoding="UTF-8"?>
<testsuites>
  <testsuite name="fastlane.lanes">
    
    
    
      
      <testcase classname="fastlane.lanes" name="0: default_platform" time="0.000335">
        
      </testcase>
    
      
      <testcase classname="fastlane.lanes" name="1: xcodebuild" time="3.570537">
        
          <failure message="/usr/local/Cellar/fastlane/2.188.0/libexec/gems/fastlane-2.198.1/fastlane/lib/fastlane/actions/actions_helper.rb:67:in `execute_action&apos;&#10;/usr/local/Cellar/fastlane/2.188.0/libexec/gems/fastlane-2.198.1/fastlane/lib/fastlane/runner.rb:255:in `block in execute_action&apos;&#10;/usr/local/Cellar/fastlane/2.188.0/libexec/gems/fastlane-2.198.1/fastlane/lib/fastlane/runner.rb:229:in `chdir&apos;&#10;/usr/local/Cellar/fastlane/2.188.0/libexec/gems/fastlane-2.198.1/fastlane/lib/fastlane/runner.rb:229:in `execute_action&apos;&#10;/usr/local/Cellar/fastlane/2.188.0/libexec/gems/fastlane-2.198.1/fastlane/lib/fastlane/runner.rb:157:in `trigger_action_by_name&apos;&#10;/usr/local/Cellar/fastlane/2.188.0/libexec/gems/fastlane-2.198.1/fastlane/lib/fastlane/fast_file.rb:159:in `method_missing&apos;&#10;Fastfile:21:in `block (2 levels) in parsing_binding&apos;&#10;/usr/local/Cellar/fastlane/2.188.0/libexec/gems/fastlane-2.198.1/fastlane/lib/fastlane/lane.rb:33:in `call&apos;&#10;/usr/local/Cellar/fastlane/2.188.0/libexec/gems/fastlane-2.198.1/fastlane/lib/fastlane/runner.rb:49:in `block in execute&apos;&#10;/usr/local/Cellar/fastlane/2.188.0/libexec/gems/fastlane-2.198.1/fastlane/lib/fastlane/runner.rb:45:in `chdir&apos;&#10;/usr/local/Cellar/fastlane/2.188.0/libexec/gems/fastlane-2.198.1/fastlane/lib/fastlane/runner.rb:45:in `execute&apos;&#10;/usr/local/Cellar/fastlane/2.188.0/libexec/gems/fastlane-2.198.1/fastlane/lib/fastlane/lane_manager.rb:47:in `cruise_lane&apos;&#10;/usr/local/Cellar/fastlane/2.188.0/libexec/gems/fastlane-2.198.1/fastlane/lib/fastlane/command_line_handler.rb:36:in `handle&apos;&#10;/usr/local/Cellar/fastlane/2.188.0/libexec/gems/fastlane-2.198.1/fastlane/lib/fastlane/commands_generator.rb:109:in `block (2 levels) in run&apos;&#10;/usr/local/Cellar/fastlane/2.188.0/libexec/gems/commander-4.6.0/lib/commander/command.rb:187:in `call&apos;&#10;/usr/local/Cellar/fastlane/2.188.0/libexec/gems/commander-4.6.0/lib/commander/command.rb:157:in `run&apos;&#10;/usr/local/Cellar/fastlane/2.188.0/libexec/gems/commander-4.6.0/lib/commander/runner.rb:444:in `run_active_command&apos;&#10;/usr/local/Cellar/fastlane/2.188.0/libexec/gems/fastlane-2.198.1/fastlane_core/lib/fastlane_core/ui/fastlane_runner.rb:117:in `run!&apos;&#10;/usr/local/Cellar/fastlane/2.188.0/libexec/gems/commander-4.6.0/lib/commander/delegates.rb:18:in `run!&apos;&#10;/usr/local/Cellar/fastlane/2.188.0/libexec/gems/fastlane-2.198.1/fastlane/lib/fastlane/commands_generator.rb:353:in `run&apos;&#10;/usr/local/Cellar/fastlane/2.188.0/libexec/gems/fastlane-2.198.1/fastlane/lib/fastlane/commands_generator.rb:42:in `start&apos;&#10;/usr/local/Cellar/fastlane/2.188.0/libexec/gems/fastlane-2.198.1/fastlane/lib/fastlane/cli_tools_distributor.rb:122:in `take_off&apos;&#10;/usr/local/Cellar/fastlane/2.188.0/libexec/gems/fastlane-2.198.1/bin/fastlane:23:in `&lt;top (required)&gt;&apos;&#10;/usr/local/Cellar/fastlane/2.188.0/libexec/bin/fastlane:23:in `load&apos;&#10;/usr/local/Cellar/fastlane/2.188.0/libexec/bin/fastlane:23:in `&lt;main&gt;&apos;&#10;&#10;Exit status of command &apos;set -o pipefail &amp;&amp; xcodebuild -workspace &quot;TelenavDemo.xcworkspace&quot; -scheme &quot;TelenavDemo&quot; -configuration Debug -destination &apos;generic/platform=iOS Simulator&apos; | tee &apos;/Users/egushchin/Library/Logs/fastlane/xcbuild/2021-11-25/24371/xcodebuild.log&apos; | xcpretty --color --simple&apos; was 65 instead of 0.&#10;    [33mSkipping duplicate build file in Copy Bundle Resources build phase: /Users/egushchin/Work/Telenav/demo-app/TelenavDemo/ViewControllers/TelenavMap/TelenavMapCamera/CameraRegion/View/TelenavMapCameraRegionViewController.storyboard (in target &apos;TelenavDemo&apos; from project &apos;TelenavDemo&apos;)[0m&#10;    [33mSkipping duplicate build file in Copy Bundle Resources build phase: /Users/egushchin/Work/Telenav/demo-app/TelenavDemo/ViewControllers/TelenavMap/TelenavMapSettings/View/TelenavMapSettingsViewController.storyboard (in target &apos;TelenavDemo&apos; from project &apos;TelenavDemo&apos;)[0m&#10;    [33mSkipping duplicate build file in Copy Bundle Resources build phase: /Users/egushchin/Work/Telenav/demo-app/TelenavDemo/Base.lproj/LaunchScreen.storyboard (in target &apos;TelenavDemo&apos; from project &apos;TelenavDemo&apos;)[0m&#10;    [33mSkipping duplicate build file in Copy Bundle Resources build phase: /Users/egushchin/Work/Telenav/demo-app/TelenavDemo/Views/DetailsView.xib (in target &apos;TelenavDemo&apos; from project &apos;TelenavDemo&apos;)[0m&#10;    [33mSkipping duplicate build file in Copy Bundle Resources build phase: /Users/egushchin/Work/Telenav/demo-app/TelenavDemo/ViewControllers/TelenavMap/TelenavMapSettings/Cells/CustomLocationTableViewCell.xib (in target &apos;TelenavDemo&apos; from project &apos;TelenavDemo&apos;)[0m&#10;** BUILD FAILED **&#10;&#10;" />
        
      </testcase>
    
  </testsuite>
</testsuites>
